<?xml version="1.0" encoding="UTF-8"?>
<testng-results skipped="0" failed="0" total="2" passed="2">
  <reporter-output>
  </reporter-output>
  <suite name="TestSuite" duration-ms="47074" started-at="2017-11-12T10:25:14Z" finished-at="2017-11-12T10:26:01Z">
    <groups>
    </groups>
    <test name="Test1" duration-ms="32201" started-at="2017-11-12T10:25:14Z" finished-at="2017-11-12T10:25:46Z">
      <class name="TestOne">
        <test-method status="PASS" signature="check()[pri:0, instance:TestOne@75412c2f]" name="check" duration-ms="32176" started-at="2017-11-12T15:55:14Z" finished-at="2017-11-12T15:55:46Z">
          <reporter-output>
          </reporter-output>
        </test-method> <!-- check -->
      </class> <!-- TestOne -->
    </test> <!-- Test1 -->
    <test name="Test2" duration-ms="14752" started-at="2017-11-12T10:25:46Z" finished-at="2017-11-12T10:26:01Z">
      <class name="TestOne">
        <test-method status="PASS" signature="check()[pri:0, instance:TestOne@33a10788]" name="check" duration-ms="14750" started-at="2017-11-12T15:55:46Z" finished-at="2017-11-12T15:56:01Z">
          <reporter-output>
          </reporter-output>
        </test-method> <!-- check -->
      </class> <!-- TestOne -->
    </test> <!-- Test2 -->
  </suite> <!-- TestSuite -->
</testng-results>
