<?xml version="1.0" encoding="UTF-8"?>
<testng-results skipped="0" failed="0" total="1" passed="1">
  <reporter-output>
  </reporter-output>
  <suite name="TestSuite" duration-ms="39022" started-at="2017-11-11T10:01:37Z" finished-at="2017-11-11T10:02:16Z">
    <groups>
    </groups>
    <test name="Test1" duration-ms="39022" started-at="2017-11-11T10:01:37Z" finished-at="2017-11-11T10:02:16Z">
      <class name="TestOne">
        <test-method status="PASS" signature="check()[pri:0, instance:TestOne@75412c2f]" name="check" duration-ms="38981" started-at="2017-11-11T15:31:37Z" finished-at="2017-11-11T15:32:16Z">
          <reporter-output>
          </reporter-output>
        </test-method> <!-- check -->
      </class> <!-- TestOne -->
    </test> <!-- Test1 -->
  </suite> <!-- TestSuite -->
</testng-results>
